<?xml version="1.0" encoding="UTF-8"?>
<!-- Generated by org.testng.reporters.JUnitReportReporter -->
<testsuite hostname="akilan-18633-gf" failures="0" tests="5" name="groupings.Test1" time="0.039" errors="0" timestamp="2023-10-30T12:55:01 IST" skipped="0">
  <testcase classname="groupings.Test1" name="a" time="0.022"/>
  <testcase classname="groupings.Test1" name="test" time="0.004"/>
  <testcase classname="groupings.Test1" name="testCaseOne" time="0.005"/>
  <testcase classname="groupings.Test1" name="testCaseFour" time="0.004"/>
  <testcase classname="groupings.Test1" name="testCaseTwo" time="0.004"/>
</testsuite> <!-- groupings.Test1 -->
