<?xml version="1.0" encoding="UTF-8"?>
<!-- Generated by org.testng.reporters.JUnitReportReporter -->
<testsuite hostname="akilan-18633-gf" failures="0" tests="1" name="groupings.AssertionValidation" time="0.012" errors="0" timestamp="2023-10-30T14:06:26 IST" skipped="0">
  <testcase classname="groupings.AssertionValidation" name="testGroups" time="0.012"/>
</testsuite> <!-- groupings.AssertionValidation -->
